C:\FUKUSHIMA\DOCS\GITHUB\DEPTHMAPCOMPRESSION\DEPTHMAPCOMPRESSION\POSTFILTERSETFORDEPTHCODING\X64\RELEASE\BINALYWEIGHTEDRANGEFILTER.OBJ
C:\FUKUSHIMA\DOCS\GITHUB\DEPTHMAPCOMPRESSION\DEPTHMAPCOMPRESSION\POSTFILTERSETFORDEPTHCODING\X64\RELEASE\BOUNDARYRECONSTRUCTIONFILTER.OBJ
C:\fukushima\docs\GitHub\DepthMapCompression\DepthMapCompression\PostFilterSetForDepthCoding\x64\Release\cl.command.1.tlog
C:\fukushima\docs\GitHub\DepthMapCompression\DepthMapCompression\PostFilterSetForDepthCoding\x64\Release\CL.read.1.tlog
C:\fukushima\docs\GitHub\DepthMapCompression\DepthMapCompression\PostFilterSetForDepthCoding\x64\Release\CL.write.1.tlog
C:\FUKUSHIMA\DOCS\GITHUB\DEPTHMAPCOMPRESSION\DEPTHMAPCOMPRESSION\POSTFILTERSETFORDEPTHCODING\X64\RELEASE\DEPTHMAPUTIL.OBJ
C:\FUKUSHIMA\DOCS\GITHUB\DEPTHMAPCOMPRESSION\DEPTHMAPCOMPRESSION\POSTFILTERSETFORDEPTHCODING\X64\RELEASE\JPEGTURBODEMO.OBJ
C:\fukushima\docs\GitHub\DepthMapCompression\DepthMapCompression\PostFilterSetForDepthCoding\x64\Release\link.command.1.tlog
C:\fukushima\docs\GitHub\DepthMapCompression\DepthMapCompression\PostFilterSetForDepthCoding\x64\Release\link.read.1.tlog
C:\fukushima\docs\GitHub\DepthMapCompression\DepthMapCompression\PostFilterSetForDepthCoding\x64\Release\link.write.1.tlog
C:\FUKUSHIMA\DOCS\GITHUB\DEPTHMAPCOMPRESSION\DEPTHMAPCOMPRESSION\POSTFILTERSETFORDEPTHCODING\X64\RELEASE\MAIN.OBJ
C:\FUKUSHIMA\DOCS\GITHUB\DEPTHMAPCOMPRESSION\DEPTHMAPCOMPRESSION\POSTFILTERSETFORDEPTHCODING\X64\RELEASE\MINMAXFILTER.OBJ
C:\fukushima\docs\GitHub\DepthMapCompression\DepthMapCompression\PostFilterSetForDepthCoding\x64\Release\mt.command.1.tlog
C:\fukushima\docs\GitHub\DepthMapCompression\DepthMapCompression\PostFilterSetForDepthCoding\x64\Release\mt.read.1.tlog
C:\fukushima\docs\GitHub\DepthMapCompression\DepthMapCompression\PostFilterSetForDepthCoding\x64\Release\mt.write.1.tlog
C:\FUKUSHIMA\DOCS\GITHUB\DEPTHMAPCOMPRESSION\DEPTHMAPCOMPRESSION\POSTFILTERSETFORDEPTHCODING\X64\RELEASE\POSTFILTERSET.OBJ
C:\FUKUSHIMA\DOCS\GITHUB\DEPTHMAPCOMPRESSION\DEPTHMAPCOMPRESSION\POSTFILTERSETFORDEPTHCODING\X64\RELEASE\POSTFILTERSETFORDEPTHCODING.EXE.INTERMEDIATE.MANIFEST
C:\FUKUSHIMA\DOCS\GITHUB\DEPTHMAPCOMPRESSION\DEPTHMAPCOMPRESSION\POSTFILTERSETFORDEPTHCODING\X64\RELEASE\SPLIT.OBJ
C:\FUKUSHIMA\DOCS\GITHUB\DEPTHMAPCOMPRESSION\DEPTHMAPCOMPRESSION\POSTFILTERSETFORDEPTHCODING\X64\RELEASE\UTIL.OBJ
C:\FUKUSHIMA\DOCS\GITHUB\DEPTHMAPCOMPRESSION\DEPTHMAPCOMPRESSION\POSTFILTERSETFORDEPTHCODING\X64\RELEASE\VC100.PDB
C:\FUKUSHIMA\DOCS\GITHUB\DEPTHMAPCOMPRESSION\DEPTHMAPCOMPRESSION\POSTFILTERSETFORDEPTHCODING\X64\RELEASE\X264FFMPEGDEMO.OBJ
C:\FUKUSHIMA\DOCS\GITHUB\DEPTHMAPCOMPRESSION\DEPTHMAPCOMPRESSION\X64\RELEASE\POSTFILTERSETFORDEPTHCODING.EXE
C:\FUKUSHIMA\DOCS\GITHUB\DEPTHMAPCOMPRESSION\DEPTHMAPCOMPRESSION\X64\RELEASE\POSTFILTERSETFORDEPTHCODING.PDB
